2026-03-18 14:34:26 - MOD: Modification Default

FILE: system/engine/action.php
REGEX: ~(require|include)(_once)?\(([^)]+)~
LINE: 69

FILE: system/engine/loader.php
REGEX: ~(require|include)(_once)?\(([^)]+)~
LINE: 77
LINE: 151
LINE: 168

FILE: system/library/config.php
REGEX: ~(require|include)(_once)?\(([^)]+)~
LINE: 59

FILE: system/library/language.php
REGEX: ~(require|include)(_once)?\(([^)]+)~
LINE: 68
LINE: 74

FILE: system/library/template/template.php
REGEX: ~(require|include)(_once)?\(([^)]+)~
LINE: 18

FILE: system/library/template/twig.php
CODE: if (is_file($file)) {
LINE: 13
----------------------------------------------------------------
MOD: Fix for twig
CODE: $loader = new \Twig_Loader_Array(array($filename . '.twig' => $code));
NOT FOUND - OPERATION SKIPPED!
CODE: $loader = new \Twig\Loader\ArrayLoader(array($filename . '.twig' => $code));
LINE: 34
----------------------------------------------------------------
MOD: 2 simple url rewrite

FILE: catalog/controller/startup/startup.php
CODE: $this->registry->set('url'
LINE: 47
----------------------------------------------------------------
MOD: Account Order Page (Images + Filters)

FILE: catalog/controller/account/order.php
CODE: public function info() {
LINE: 96
CODE: $pagination->url = $this->url->link('account/order', 'page={page}', true);
LINE: 73
CODE: $this->document->setTitle($this->language->get('heading_title'));
LINE: 39
CODE: if (isset($this->request->get['page'])) {
LINE: 49
LINE: 75
LINE: 166
CODE: $order_total = $this->model_account_order->getTotalOrders();
LINE: 85
CODE: $results = $this->model_account_order->getOrders(($page - 1) * 10, 10);
LINE: 99
CODE: $data['orders'][] = array(
LINE: 133
CODE: 'date_added' => date($this->language->get('date_format_short'), strtotime($result['date_added'])),
LINE: 140
LINE: 420

FILE: catalog/model/account/order.php
CODE: public function getTotalOrders() {
LINE: 152
CODE: $query = $this->db->query("SELECT COUNT(*) AS total FROM `" . DB_PREFIX . "order` o WHERE customer_id = '" . (int)$this->customer->getId() . "' AND o.order_status_id > '0' AND o.store_id = '" . (int)$this->config->get('config_store_id') . "'");
LINE: 153
CODE: public function getOrders($start = 0, $limit = 20) {
LINE: 102
CODE: $query = $this->db->query("SELECT o.order_id, o.firstname, o.lastname, os.name as status, o.date_added, o.total, o.currency_code, o.currency_value FROM `" . DB_PREFIX . "order` o LEFT JOIN " . DB_PREFIX . "order_status os ON (o.order_status_id = os.order_status_id) WHERE o.customer_id = '" . (int)$this->customer->getId() . "' AND o.order_status_id > '0' AND o.store_id = '" . (int)$this->config->get('config_store_id') . "' AND os.language_id = '" . (int)$this->config->get('config_language_id') . "' ORDER BY o.order_id DESC LIMIT " . (int)$start . "," . (int)$limit);
LINE: 121
CODE: $sql = "SELECT o.order_id, o.firstname, o.lastname, o.date_added, o.total, o.currency_code, o.currency_value, o.status FROM `" . DB_PREFIX . "order` o WHERE customer_id = '" . (int)$this->customer->getId() . "' AND o.order_status_id > '0' AND o.store_id = '" . (int)$this->config->get('config_store_id') . "'";
NOT FOUND - OPERATIONS ABORTED!
----------------------------------------------------------------
MOD: Account pages 

FILE: catalog/controller/account/account.php
CODE: $this->load->language('account/account');
LINE: 15

FILE: catalog/controller/account/wishlist.php
CODE: $data['breadcrumbs'] = array();
LINE: 39

FILE: catalog/controller/account/edit.php
CODE: $data['breadcrumbs'] = array();
LINE: 42

FILE: catalog/controller/account/password.php
CODE: $data['breadcrumbs'] = array();
LINE: 36
CODE: $data['breadcrumbs'] = array();
LINE: 60
LINE: 227

FILE: catalog/controller/account/register.php
CODE: $data['breadcrumbs'] = array();
LINE: 40
----------------------------------------------------------------
MOD: Brands list add image

FILE: catalog/controller/product/manufacturer.php
CODE: foreach ($results as $result) {
LINE: 30
CODE: foreach ($results as $result) {
LINE: 38
CODE: $data['categories'][$key]['manufacturer'][] = array(
LINE: 52
----------------------------------------------------------------
MOD: Color Picker for Options (Fixed)

FILE: admin/model/catalog/option.php
CODE: $this->db->query("INSERT INTO " . DB_PREFIX . "option_value SET option_id = '" . (int)$option_id . "', image = '" . $this->db->escape(html_entity_decode($option_value['image'], ENT_QUOTES, 'UTF-8')) . "', sort_order = '" . (int)$option_value['sort_order'] . "'");
LINE: 13
LINE: 43
CODE: $this->db->query("INSERT INTO " . DB_PREFIX . "option_value SET option_value_id = '" . (int)$option_value['option_value_id'] . "', option_id = '" . (int)$option_id . "', image = '" . $this->db->escape(html_entity_decode($option_value['image'], ENT_QUOTES, 'UTF-8')) . "', sort_order = '" . (int)$option_value['sort_order'] . "'");
LINE: 44
CODE: 'image'                    => $option_value['image'],
LINE: 173

FILE: admin/controller/catalog/option.php
CODE: 'option_value_description' => $option_value['option_value_description'],
LINE: 360

FILE: admin/view/template/catalog/option_form.twig
CODE: <td class="text-center">{{ entry_image }}</td>
LINE: 185
CODE: <td class="text-left"><a href="" id="thumb-image{{ option_value_row }}"
LINE: 212
CODE: html += '  </td>';
LINE: 262

FILE: catalog/model/catalog/product.php
CODE: 'image'                   => $product_option_value['image'],
LINE: 357

FILE: catalog/controller/product/product.php
CODE: 'image'                   => $this->model_tool_image->resize($option_value['image'], 50, 50),
LINE: 342
----------------------------------------------------------------
MOD: Consultation flow with Telegram ID Tracking

FILE: catalog/controller/common/home.php
CODE: $data['column_left'] = $this->load->controller('common/column_left');
LINE: 43

FILE: catalog/controller/account/login.php
CODE: if (isset($this->request->post['redirect']) && $this->request->post['redirect'] != $this->url->link('account/logout', '', true)
LINE: 88
CODE: } elseif (isset($this->error['warning'])) {
LINE: 120
CODE: $this->response->redirect($this->url->link('account/success'));
LINE: 40
CODE: if (isset($this->error['warning'])) {
LINE: 68

FILE: system/library/cart/customer.php
CODE: public function getId() {
LINE: 94

FILE: catalog/controller/common/header.php
CODE: public function index() {
LINE: 20

FILE: catalog/model/checkout/order.php
CODE: public function addOrderHistory($order_id, $order_status_id, $comment = '', $notify = false, $override = false) {
LINE: 282
----------------------------------------------------------------
MOD: Consultation Tab in Customer Form - Fixed

FILE: admin/controller/customer/customer.php
CODE: $this->response->setOutput($this->load->view('customer/customer_form', $data));
LINE: 987

FILE: admin/view/template/customer/customer_form.twig
CODE: <li><a href="#tab-history" data-toggle="tab">
LINE: 31
CODE: <div class="tab-pane" id="tab-history">
LINE: 855
----------------------------------------------------------------
MOD: Custom Config Settings

FILE: admin/controller/setting/setting.php
CODE: if (isset($this->request->post['config_email'])) {
LINE: 280

FILE: admin/view/template/setting/setting.twig
CODE: <li><a href="#tab-server" data-toggle="tab">{{ tab_server }}</a></li>
LINE: 39
CODE: <div class="tab-pane" id="tab-server">
LINE: 1278
CODE: $data['language'] = $this->load->controller('common/language');
LINE: 109

FILE: catalog/controller/common/footer.php
CODE: $data['newsletter'] = $this->url->link('account/newsletter', '', true);
LINE: 32

FILE: catalog/controller/product/category.php
CODE: $data['footer'] = $this->load->controller('common/footer');
LINE: 440
LINE: 496
CODE: $data['footer'] = $this->load->controller('common/footer');
LINE: 477
LINE: 557

FILE: catalog/controller/product/search.php
CODE: $data['footer'] = $this->load->controller('common/footer');
LINE: 469

FILE: catalog/controller/product/special.php
CODE: $data['footer'] = $this->load->controller('common/footer');
LINE: 322
CODE: $data['footer'] = $this->load->controller('common/footer');
LINE: 74
LINE: 443
LINE: 496
----------------------------------------------------------------
MOD: D.Menu Editor
CODE: public function index
LINE: 17
CODE: $data['language'] = $this->load->controller('common/language');
LINE: 117
CODE: $data['currency'] = $this->load->controller('common/currency');
LINE: 133
LINE: 134
----------------------------------------------------------------
MOD: Export/Import Tool (V4.17.9) for OpenCart 3.x

FILE: admin/controller/common/column_left.php
CODE: if ($this->user->hasPermission('access', 'tool/upload')) {
LINE: 669

FILE: admin/language/uk-ua/common/column_left.php
CODE: $_['text_backup']
LINE: 11
----------------------------------------------------------------
MOD: Filter (Active filters)

FILE: catalog/controller/extension/module/filter.php
CODE: 'name'      => $filter['name'] . ($this->config->get('config_product_count') ? ' (' . $this->model_catalog_product->getTotalProducts($filter_data) . ')' : '')
LINE: 58
CODE: return $this->load->view('extension/module/filter', $data);
LINE: 107
----------------------------------------------------------------
MOD: Price Range filter
CODE: public function getProduct($product_id) {
LINE: 131
CODE: if (!empty($data['filter_manufacturer_id'])) {
LINE: 321
CODE: $sql .= " LEFT JOIN " . DB_PREFIX . "product_description pd ON (p.product_id = pd.product_id) LEFT JOIN " . DB_PREFIX . "product_to_store p2s ON (p.product_id = p2s.product_id) WHERE pd.language_id = '" . (int)$this->config->get('config_language_id') . "' AND p.status = '1' AND p.date_available <= NOW() AND p2s.store_id = '" . (int)$this->config->get('config_store_id') . "'";
LINE: 219
CODE: $data['categories'] = array();
LINE: 191
CODE: 'filter_category_id' => $category_id,
LINE: 214
CODE: $data['products'] = array();
LINE: 223
CODE: 'filter_manufacturer_id' => $manufacturer_id,
LINE: 230
----------------------------------------------------------------
MOD: Product Page Customizations 
CODE: $this->document->addScript('catalog/view/javascript/jquery/magnific/jquery.magnific-popup.min.js');
LINE: 238
CODE: $this->load->model('catalog/category');
LINE: 20
CODE: $data['description'] = html_entity_decode($product_info['description'], ENT_QUOTES, 'UTF-8');
LINE: 263
CODE: $data['customer_name'] = '';
LINE: 389
CODE: if ($product_info['minimum']) {
LINE: 372
CODE: $product_option_value_data[] = array(
LINE: 345
CODE: $data['product_id'] = (int)$this->request->get['product_id'];
LINE: 275
CODE: if (!is_null($product_info['special']) && (float)$product_info['special'] >= 0) {
LINE: 331
CODE: $results = $this->model_catalog_product->getProductRelated($this->request->get['product_id']);
LINE: 468
CODE: $data['products'] = array();
LINE: 454
CODE: $data['products'][] = array(
LINE: 526
CODE: 'rating'      => $rating,
LINE: 541
----------------------------------------------------------------
MOD: Products hidden price

FILE: admin/model/catalog/product.php
CODE: price = '" . (float)$data['price'] . "',
LINE: 6
LINE: 163

FILE: admin/controller/catalog/product.php
CODE: if (isset($this->request->post['price'])) {
LINE: 1106

FILE: admin/view/template/catalog/product_form.twig
CODE: <label class="col-sm-2 control-label" for="input-price">
LINE: 161
CODE: public function isLogged() {
LINE: 89
CODE: $data['products'][] = array(
LINE: 264
CODE: 'price'       => $price,
LINE: 274
CODE: $data['products'][] = array(
LINE: 235
CODE: 'price'       => $price,
LINE: 245
CODE: $data['products'][] = array(
LINE: 139
CODE: 'price'       => $price,
LINE: 149
CODE: $data['products'][] = array(
LINE: 279
CODE: 'price'       => $price,
LINE: 289
CODE: $data['heading_title'] = $product_info['name'];
LINE: 240
CODE: 'date_modified'    => $query->row['date_modified'],
LINE: 180
----------------------------------------------------------------
MOD: Remember Me Ultimate
CODE: $this->session = $registry->get('session');
LINE: 67
CODE: if (($this->request->server['REQUEST_METHOD'] == 'POST') && $this->validate()) {
LINE: 71
CODE: $this->customer->login($this->request->post['email'], $this->request->post['password']);
LINE: 42

FILE: catalog/controller/account/logout.php
CODE: public function index() {
LINE: 15

FILE: catalog/view/theme/drmyts/template/account/login.twig
CODE: <div class="sign-form__footer flex-row j-between">
LINE: 60

FILE: catalog/view/theme/drmyts/template/account/register.twig
CODE: <div class="sign-form__footer flex-row j-between">
LINE: 273
----------------------------------------------------------------
MOD: Remove Cart page

FILE: catalog/controller/checkout/cart.php
CODE: $this->load->language('checkout/cart');
LINE: 9
----------------------------------------------------------------
MOD: Remove from wishlist
CODE: public function add() {
LINE: 166
----------------------------------------------------------------
MOD: Shop
CODE: $data['products'][] = array(
LINE: 275
CODE: 'name'        => $result['name'],
LINE: 282
CODE: 'rating'      => $result['rating'],
LINE: 296
CODE: if (!is_null($result['special']) && (float)$result['special'] >= 0) {
LINE: 245
CODE: 'special'     => $special,
LINE: 299
CODE: $data['column_left'] = $this->load->controller('common/column_left');
LINE: 508
LINE: 589
CODE: $data['products'][] = array(
LINE: 290
CODE: 'name'        => $result['name'],
LINE: 297
CODE: 'rating'      => $result['rating'],
LINE: 311
CODE: if (!is_null($result['special']) && (float)$result['special'] >= 0) {
LINE: 260
CODE: 'special'     => $special,
LINE: 314
CODE: $data['column_left'] = $this->load->controller('common/column_left');
LINE: 90
LINE: 545
LINE: 643
CODE: $data['products'][] = array(
LINE: 150
CODE: 'name'        => $result['name'],
LINE: 157
CODE: 'rating'      => $result['rating'],
LINE: 171
CODE: if (!is_null($result['special']) && (float)$result['special'] >= 0) {
LINE: 120
CODE: 'special'     => $special,
LINE: 174
CODE: $data['column_left'] = $this->load->controller('common/column_left');
LINE: 348
CODE: $data['products'][] = array(
LINE: 246
CODE: 'name'        => $result['name'],
LINE: 253
CODE: 'rating'      => $result['rating'],
LINE: 267
CODE: if (!is_null($result['special']) && (float)$result['special'] >= 0) {
LINE: 216
CODE: 'special'     => $special,
LINE: 270
CODE: $data['column_left'] = $this->load->controller('common/column_left');
LINE: 495
----------------------------------------------------------------
